e:\mycode\test_git\irscan\irscan\debug\irscan.pch
e:\mycode\test_git\irscan\irscan\debug\vc120.pdb
e:\mycode\test_git\irscan\irscan\debug\vc120.idb
e:\mycode\test_git\irscan\irscan\debug\stdafx.obj
e:\mycode\test_git\irscan\irscan\debug\capturedlg.obj
e:\mycode\test_git\irscan\irscan\debug\fginterface.obj
e:\mycode\test_git\irscan\irscan\debug\irscan.obj
e:\mycode\test_git\irscan\irscan\debug\irscandlg.obj
e:\mycode\test_git\irscan\irscan\debug\mscomm1.obj
e:\mycode\test_git\irscan\irscan\debug\settingdlg.obj
e:\mycode\test_git\irscan\debug\irscan.ilk
e:\mycode\test_git\irscan\debug\irscan.exe
e:\mycode\test_git\irscan\debug\irscan.pdb
e:\mycode\test_git\irscan\irscan\debug\irscan.res
e:\mycode\test_git\irscan\irscan\debug\irscan.tlog\cl.command.1.tlog
e:\mycode\test_git\irscan\irscan\debug\irscan.tlog\cl.read.1.tlog
e:\mycode\test_git\irscan\irscan\debug\irscan.tlog\cl.write.1.tlog
e:\mycode\test_git\irscan\irscan\debug\irscan.tlog\link.command.1.tlog
e:\mycode\test_git\irscan\irscan\debug\irscan.tlog\link.read.1.tlog
e:\mycode\test_git\irscan\irscan\debug\irscan.tlog\link.write.1.tlog
e:\mycode\test_git\irscan\irscan\debug\irscan.tlog\rc.command.1.tlog
e:\mycode\test_git\irscan\irscan\debug\irscan.tlog\rc.read.1.tlog
e:\mycode\test_git\irscan\irscan\debug\irscan.tlog\rc.write.1.tlog
