生成启动时间为 2018/1/10 23:32:32。
     1>项目“E:\Mycode\TEST_Git\IRScan-Server\IRScan\IRScan.vcxproj”在节点 2 上(Build 个目标)。
     1>Link:
         D:\Program Files (x86)\Microsoft Visual Studio 12.0\VC\bin\link.exe /ERRORREPORT:PROMPT /OUT:"E:\Mycode\TEST_Git\IRScan-Server\Debug\IRScan.exe" /INCREMENTAL /NOLOGO opencv_ml249d.lib opencv_calib3d249d.lib opencv_contrib249d.lib opencv_core249d.lib opencv_features2d249d.lib opencv_flann249d.lib opencv_gpu249d.lib opencv_highgui249d.lib opencv_imgproc249d.lib opencv_legacy249d.lib opencv_objdetect249d.lib opencv_ts249d.lib opencv_video249d.lib opencv_nonfree249d.lib opencv_ocl249d.lib opencv_photo249d.lib opencv_stitching249d.lib opencv_superres249d.lib opencv_videostab249d.lib opencv_ml249d.lib opencv_calib3d249d.lib opencv_contrib249d.lib opencv_core249d.lib opencv_features2d249d.lib opencv_flann249d.lib opencv_gpu249d.lib opencv_highgui249d.lib opencv_imgproc249d.lib opencv_legacy249d.lib opencv_objdetect249d.lib opencv_ts249d.lib opencv_video249d.lib opencv_nonfree249d.lib opencv_ocl249d.lib opencv_photo249d.lib opencv_stitching249d.lib opencv_superres249d.lib opencv_videostab249d.lib opencv_objdetect249.lib opencv_ts249.lib opencv_video249.lib opencv_nonfree249.lib opencv_ocl249.lib opencv_photo249.lib opencv_stitching249.lib opencv_superres249.lib opencv_videostab249.lib opencv_calib3d249.lib opencv_contrib249.lib opencv_core249.lib opencv_features2d249.lib opencv_flann249.lib opencv_gpu249.lib opencv_highgui249.lib opencv_imgproc249.lib opencv_legacy249.lib opencv_ml249.lib /MANIFEST /MANIFESTUAC:"level='asInvoker' uiAccess='false'" /manifest:embed /manifestinput:"D:\Program Files (x86)\Microsoft Visual Studio 12.0\VC\Include\Manifest\dpiaware.manifest" /DEBUG /PDB:"E:\Mycode\TEST_Git\IRScan-Server\Debug\IRScan.pdb" /SUBSYSTEM:WINDOWS /TLBID:1 /DYNAMICBASE /NXCOMPAT /IMPLIB:"E:\Mycode\TEST_Git\IRScan-Server\Debug\IRScan.lib" /MACHINE:X86 Debug\IRScan.res
         Debug\CaptureDlg.obj
         Debug\client.obj
         Debug\FGInterface.obj
         Debug\IRScan.obj
         Debug\IRScanDlg.obj
         Debug\LogDlg.obj
         Debug\mscomm1.obj
         Debug\SettingDlg.obj
         Debug\stdafx.obj
         Debug\Logger.obj
         Debug\md5.obj
         Debug\pc_info.obj
         Debug\Socket.obj
         Debug\string_utils.obj
         IRScan.vcxproj -> E:\Mycode\TEST_Git\IRScan-Server\Debug\IRScan.exe
     1>已完成生成项目“E:\Mycode\TEST_Git\IRScan-Server\IRScan\IRScan.vcxproj”(Build 个目标)的操作。

生成成功。

已用时间 00:00:01.43
